<?xml version="1.0" encoding="UTF-8" ?>
<testsuite tests="6" failures="2" name="testRunner.TestRunner" time="66.734" errors="0" skipped="0">
  <properties>
[...]
</properties>
  <testcase classname="Customers" name="Adding a Customer in NopCommerce" time="20.978"/>
  <testcase classname="Customers" name="Search Customer with EmailID" time="13.255"/>
  <testcase classname="nopcommerce admin test page" name="Login into nopcommerce" time="11.116"/>
  <testcase classname="nopcommerce admin test page" name="Login into nopcommerce Data Driven" time="9.655"/>
  <testcase classname="nopcommerce admin test page" name="Login into nopcommerce Data Driven" time="6.815">
    <failure message="expected:&lt;[Dashboard / nopCommerce administratio]n&gt; but was:&lt;[Your store. Logi]n&gt;" type="org.junit.ComparisonFailure">org.junit.ComparisonFailure: expected:&lt;[Dashboard / nopCommerce administratio]n&gt; but was:&lt;[Your store. Logi]n&gt;
	at org.junit.Assert.assertEquals(Assert.java:117)
	at org.junit.Assert.assertEquals(Assert.java:146)
	at stepDefinitions.NopCommerceSteps.login_Page_Title_Should_be(NopCommerceSteps.java:49)
	at ✽.Page Title Should be &quot;Dashboard / nopCommerce administration&quot;(file:///C:/Users/Omar%20Al-Faruque/IdeaProjects/CucumberSeleniumPracticeSDET/./Features/NopCommerce.feature:18)
</failure>
    <system-out>
Scenario Outline: Login into nopcommerce Data Driven                         # Features/NopCommerce.feature:26
  Given User launches Chrome browser                                         # stepDefinitions.NopCommerceSteps.user_launches_Chrome_browser()
  When User opens URL &quot;https://admin-demo.nopcommerce.com/login&quot;             # stepDefinitions.NopCommerceSteps.user_opens_URL(java.lang.String)
  And User enters email as &quot;oalfaruque@gmail.com&quot; and password as &quot;15021972&quot; # stepDefinitions.NopCommerceSteps.user_enters_email_as_and_password_as(java.lang.String,java.lang.String)
  Then Click on LOG IN                                                       # stepDefinitions.NopCommerceSteps.click_on_LOG_IN()
Your store. Login
  When Page Title Should be &quot;Dashboard / nopCommerce administration&quot;         # stepDefinitions.NopCommerceSteps.login_Page_Title_Should_be(java.lang.String)
      org.junit.ComparisonFailure: expected:&lt;[Dashboard / nopCommerce administratio]n&gt; but was:&lt;[Your store. Logi]n&gt;
	at org.junit.Assert.assertEquals(Assert.java:117)
	at org.junit.Assert.assertEquals(Assert.java:146)
	at stepDefinitions.NopCommerceSteps.login_Page_Title_Should_be(NopCommerceSteps.java:49)
	at ?.Page Title Should be &quot;Dashboard / nopCommerce administration&quot;(file:///C:/Users/Omar%20Al-Faruque/IdeaProjects/CucumberSeleniumPracticeSDET/./Features/NopCommerce.feature:18)

  Then Click in Logout                                                       # stepDefinitions.NopCommerceSteps.click_in_Logout()
  When Page Title should be &quot;Your store. Login&quot;                              # stepDefinitions.NopCommerceSteps.page_Title_should_be(java.lang.String)
  Then Close the browser                                                     # stepDefinitions.NopCommerceSteps.close_the_browser()
</system-out>
    <system-err>Starting ChromeDriver 79.0.3945.16 (93fcc21110c10dbbd49bbff8f472335360e31d05-refs/branch-heads/3945@{#262}) on port 47148
Only local connections are allowed.
Please protect ports used by ChromeDriver and related test frameworks to prevent access by malicious code.
[1586648939.382][WARNING]: This version of ChromeDriver has not been tested with Chrome version 80.
Apr 11, 2020 7:49:00 PM org.openqa.selenium.remote.ProtocolHandshake createSession
INFO: Detected dialect: W3C
</system-err>
  </testcase>
  <testcase classname="nopcommerce admin test page" name="Login into nopcommerce Data Driven" time="4.915">
    <failure message="expected:&lt;[Dashboard / nopCommerce administratio]n&gt; but was:&lt;[Your store. Logi]n&gt;" type="org.junit.ComparisonFailure">org.junit.ComparisonFailure: expected:&lt;[Dashboard / nopCommerce administratio]n&gt; but was:&lt;[Your store. Logi]n&gt;
	at org.junit.Assert.assertEquals(Assert.java:117)
	at org.junit.Assert.assertEquals(Assert.java:146)
	at stepDefinitions.NopCommerceSteps.login_Page_Title_Should_be(NopCommerceSteps.java:49)
	at ✽.Page Title Should be &quot;Dashboard / nopCommerce administration&quot;(file:///C:/Users/Omar%20Al-Faruque/IdeaProjects/CucumberSeleniumPracticeSDET/./Features/NopCommerce.feature:18)
</failure>
    <system-out>
Scenario Outline: Login into nopcommerce Data Driven                         # Features/NopCommerce.feature:27
  Given User launches Chrome browser                                         # stepDefinitions.NopCommerceSteps.user_launches_Chrome_browser()
  When User opens URL &quot;https://admin-demo.nopcommerce.com/login&quot;             # stepDefinitions.NopCommerceSteps.user_opens_URL(java.lang.String)
  And User enters email as &quot;mikemiller@gmail.com&quot; and password as &quot;01012010&quot; # stepDefinitions.NopCommerceSteps.user_enters_email_as_and_password_as(java.lang.String,java.lang.String)
  Then Click on LOG IN                                                       # stepDefinitions.NopCommerceSteps.click_on_LOG_IN()
Your store. Login
  When Page Title Should be &quot;Dashboard / nopCommerce administration&quot;         # stepDefinitions.NopCommerceSteps.login_Page_Title_Should_be(java.lang.String)
      org.junit.ComparisonFailure: expected:&lt;[Dashboard / nopCommerce administratio]n&gt; but was:&lt;[Your store. Logi]n&gt;
	at org.junit.Assert.assertEquals(Assert.java:117)
	at org.junit.Assert.assertEquals(Assert.java:146)
	at stepDefinitions.NopCommerceSteps.login_Page_Title_Should_be(NopCommerceSteps.java:49)
	at ?.Page Title Should be &quot;Dashboard / nopCommerce administration&quot;(file:///C:/Users/Omar%20Al-Faruque/IdeaProjects/CucumberSeleniumPracticeSDET/./Features/NopCommerce.feature:18)

  Then Click in Logout                                                       # stepDefinitions.NopCommerceSteps.click_in_Logout()
  When Page Title should be &quot;Your store. Login&quot;                              # stepDefinitions.NopCommerceSteps.page_Title_should_be(java.lang.String)
  Then Close the browser                                                     # stepDefinitions.NopCommerceSteps.close_the_browser()
</system-out>
    <system-err>Starting ChromeDriver 79.0.3945.16 (93fcc21110c10dbbd49bbff8f472335360e31d05-refs/branch-heads/3945@{#262}) on port 10120
Only local connections are allowed.
Please protect ports used by ChromeDriver and related test frameworks to prevent access by malicious code.
[1586648946.251][WARNING]: This version of ChromeDriver has not been tested with Chrome version 80.
Apr 11, 2020 7:49:07 PM org.openqa.selenium.remote.ProtocolHandshake createSession
INFO: Detected dialect: W3C
</system-err>
  </testcase>
</testsuite>